{
  "stats": {
    "suites": 1,
    "tests": 2,
    "passes": 2,
    "pending": 0,
    "failures": 0,
    "start": "2023-03-23T12:52:48.559Z",
    "end": "2023-03-23T12:52:52.316Z",
    "duration": 3757,
    "testsRegistered": 2,
    "passPercent": 100,
    "pendingPercent": 0,
    "other": 0,
    "hasOther": false,
    "skipped": 0,
    "hasSkipped": false
  },
  "results": [
    {
      "uuid": "59accf98-91ab-4edf-9a57-dddd4c03e110",
      "title": "",
      "fullFile": "cypress\\e2e\\spec.cy.js",
      "file": "cypress\\e2e\\spec.cy.js",
      "beforeHooks": [],
      "afterHooks": [],
      "tests": [],
      "suites": [
        {
          "uuid": "d3b28165-9b07-4390-8444-76bbf621356a",
          "title": "template spec",
          "fullFile": "",
          "file": "",
          "beforeHooks": [],
          "afterHooks": [],
          "tests": [
            {
              "title": "인풋테스트",
              "fullTitle": "template spec 인풋테스트",
              "timedOut": null,
              "duration": 1658,
              "state": "passed",
              "speed": "fast",
              "pass": true,
              "fail": false,
              "pending": false,
              "context": null,
              "code": "cy.visit(\"todos\");\n/* ==== Generated with Cypress Studio ==== */\n/* ==== End Cypress Studio ==== */\n/* ==== Generated with Cypress Studio ==== */\n/* ==== End Cypress Studio ==== */",
              "err": {},
              "uuid": "0b9836e3-b26f-43ae-9105-7dd4bb355940",
              "parentUUID": "d3b28165-9b07-4390-8444-76bbf621356a",
              "isHook": false,
              "skipped": false
            },
            {
              "title": "인풋테스트",
              "fullTitle": "template spec 인풋테스트",
              "timedOut": null,
              "duration": 2059,
              "state": "passed",
              "speed": "fast",
              "pass": true,
              "fail": false,
              "pending": false,
              "context": null,
              "code": "/* ==== Generated with Cypress Studio ==== */\ncy.visit(\"todos\");\ncy.get('[data-test=\"new-todo\"]').type(\"이거 바보가{enter}\");\ncy.get('[data-test=\"new-todo\"]').type(\"2개 입력{enter}\");\ncy.get('[data-test=\"new-todo\"]').type(\"3개 바보가{enter}\");\n/* ==== Generated with Cypress Studio ==== */\ncy.get(\".router-link-active\").should(\"have.text\", \" 모든 항목 (3) \");\ncy.get('[href=\"/todos/active\"]').click();\ncy.get(\".router-link-active\").should(\"have.text\", \" 해야 할 항목 (3) \");\ncy.get(\":nth-child(3) > .item__inner > label > .icon > .material-icons\").click();\ncy.get(\".router-link-active\").should(\"have.text\", \" 해야 할 항목 (2) \");\ncy.get('[href=\"/todos/completed\"]').should(\"have.text\", \" 완료된 항목 (1) \");\ncy.get('[href=\"/todos/completed\"]').click();\ncy.get(\".item__title\").should(\"have.text\", \"3개 바보가\");\ncy.get(\".item_actions > :nth-child(1) > .material-icons\").click();\ncy.get(\".item__inner > input\").clear(\"3개 바보가 \");\ncy.get(\".item__inner > input\").type(\"3개 바보가 11{enter}\");\ncy.get(\".item_date\").should(\"have.text\", \"2023년 03월 23일 (edited)\");\ncy.get(\".item_actions > .btn--danger > .material-icons\").click();\ncy.get(\".router-link-active\").should(\"have.text\", \" 완료된 항목 (0) \");\n/* ==== End Cypress Studio ==== */\n/* ==== End Cypress Studio ==== */",
              "err": {},
              "uuid": "60a8628c-dde9-4c9d-bf11-2beb53412c1c",
              "parentUUID": "d3b28165-9b07-4390-8444-76bbf621356a",
              "isHook": false,
              "skipped": false
            }
          ],
          "suites": [],
          "passes": [
            "0b9836e3-b26f-43ae-9105-7dd4bb355940",
            "60a8628c-dde9-4c9d-bf11-2beb53412c1c"
          ],
          "failures": [],
          "pending": [],
          "skipped": [],
          "duration": 3717,
          "root": false,
          "rootEmpty": false,
          "_timeout": 2000
        }
      ],
      "passes": [],
      "failures": [],
      "pending": [],
      "skipped": [],
      "duration": 0,
      "root": true,
      "rootEmpty": true,
      "_timeout": 2000
    }
  ],
  "meta": {
    "mocha": {
      "version": "7.0.1"
    },
    "mochawesome": {
      "options": {
        "quiet": false,
        "reportFilename": "mochawesome",
        "saveHtml": false,
        "saveJson": true,
        "consoleReporter": "spec",
        "useInlineDiffs": false,
        "code": true
      },
      "version": "7.1.3"
    },
    "marge": {
      "options": {
        "reportDir": "cypress/results",
        "overwrite": false,
        "html": false,
        "json": true
      },
      "version": "6.2.0"
    }
  }
}