{
  "stats": {
    "suites": 2,
    "tests": 4,
    "passes": 0,
    "pending": 0,
    "failures": 4,
    "start": "2023-03-23T12:52:57.083Z",
    "end": "2023-03-23T12:53:26.084Z",
    "duration": 29001,
    "testsRegistered": 6,
    "passPercent": 0,
    "pendingPercent": 0,
    "other": 0,
    "hasOther": false,
    "skipped": 2,
    "hasSkipped": true
  },
  "results": [
    {
      "uuid": "f533e304-216f-452e-8c59-2ba18d5148a9",
      "title": "",
      "fullFile": "cypress\\e2e\\1-getting-started\\todo.cy.js",
      "file": "cypress\\e2e\\1-getting-started\\todo.cy.js",
      "beforeHooks": [],
      "afterHooks": [],
      "tests": [],
      "suites": [
        {
          "uuid": "56131fbe-b708-4b1a-8933-22b738e0b2ef",
          "title": "example to-do app",
          "fullFile": "",
          "file": "",
          "beforeHooks": [],
          "afterHooks": [],
          "tests": [
            {
              "title": "displays two todo items by default",
              "fullTitle": "example to-do app displays two todo items by default",
              "timedOut": null,
              "duration": 9241,
              "state": "failed",
              "speed": null,
              "pass": false,
              "fail": true,
              "pending": false,
              "context": null,
              "code": "// We use the `cy.get()` command to get all elements that match the selector.\n// Then, we use `should` to assert that there are two matched items,\n// which are the two default items.\ncy.get(\"[data-test=new-todo]\").type(`${newItem}`).get(\"[data-test=add]\").click();\ncy.get(\".todo-app__list div\").should(\"have.length\", 0);\ncy.getLocalStorage(\"foo\").then(fooData => {\n  // 가져온 데이터 수정\n  fooData.bar = \"baz\";\n  // 수정된 데이터 로컬 스토리지에 저장\n  cy.setLocalStorage(\"foo\", fooData);\n});",
              "err": {
                "message": "AssertionError: Timed out retrying after 4000ms: Too many elements found. Found '6', expected '0'.",
                "estack": "AssertionError: Timed out retrying after 4000ms: Too many elements found. Found '6', expected '0'.\n    at Context.eval (webpack:///./cypress/e2e/1-getting-started/todo.cy.js:35:34)",
                "diff": null
              },
              "uuid": "09039062-8c06-4276-bd7e-98735321c000",
              "parentUUID": "56131fbe-b708-4b1a-8933-22b738e0b2ef",
              "isHook": false,
              "skipped": false
            },
            {
              "title": "can add new todo items",
              "fullTitle": "example to-do app can add new todo items",
              "timedOut": null,
              "duration": 10676,
              "state": "failed",
              "speed": null,
              "pass": false,
              "fail": true,
              "pending": false,
              "context": null,
              "code": "// We'll store our item text in a variable so we can reuse it\nconst newItem = \"Feed the catFeed the catFeed the catFeed the catFeed the catFeed the catFeed the catFeed the catFeed the catFeed the catFeed the catFeed the catFeed the catFeed the catFeed the catFeed the catFeed the catFeed the cat\";\n// Let's get the input element and use the `type` command to\n// input our new list item. After typing the content of our item,\n// we need to type the enter key as well in order to submit the input.\n// This input has a data-test attribute so we'll use that to select the\n// element in accordance with best practices:\n// https://on.cypress.io/selecting-elements\ncy.get(\"[data-test=new-todo]\").type(`${newItem}`).get(\"[data-test=add]\").click();\ncy.get(\"[data-test=new-todo]\").type(`${newItem}{enter}`);\n// Now that we've typed our new item, let's check that it actually was added to the list.\n// Since it's the newest item, it should exist as the last element in the list.\n// In addition, with the two default items, we should have a total of 3 elements in the list.\n// Since assertions yield the element that was asserted on,\n// we can chain both of these assertions together into a single statement.\ncy.get(\".todo-app__list div\").should(\"have.length\", 2).last().should(\"have.text\", newItem);",
              "err": {
                "message": "AssertionError: Timed out retrying after 4000ms: Too many elements found. Found '12', expected '2'.",
                "estack": "AssertionError: Timed out retrying after 4000ms: Too many elements found. Found '12', expected '2'.\n    at Context.eval (webpack:///./cypress/e2e/1-getting-started/todo.cy.js:66:7)",
                "diff": "- 12\n+ 2\n"
              },
              "uuid": "e5991edf-8c5c-48b0-b669-26376d7f09a0",
              "parentUUID": "56131fbe-b708-4b1a-8933-22b738e0b2ef",
              "isHook": false,
              "skipped": false
            },
            {
              "title": "can check off an item as completed",
              "fullTitle": "example to-do app can check off an item as completed",
              "timedOut": null,
              "duration": 4596,
              "state": "failed",
              "speed": null,
              "pass": false,
              "fail": true,
              "pending": false,
              "context": null,
              "code": "// In addition to using the `get` command to get an element by selector,\n// we can also use the `contains` command to get an element by its contents.\n// However, this will yield the <label>, which is lowest-level element that contains the text.\n// In order to check the item, we'll find the <input> element for this <label>\n// by traversing up the dom to the parent element. From there, we can `find`\n// the child checkbox <input> element and use the `check` command to check it.\ncy.contains(\"Pay electric bill\").parent().find(\"input[type=checkbox]\").check();\n// Now that we've checked the button, we can go ahead and make sure\n// that the list element is now marked as completed.\n// Again we'll use `contains` to find the <label> element and then use the `parents` command\n// to traverse multiple levels up the dom until we find the corresponding <li> element.\n// Once we get that element, we can assert that it has the completed class.\ncy.contains(\"Pay electric bill\").parents(\"li\").should(\"have.class\", \"completed\");",
              "err": {
                "message": "AssertionError: Timed out retrying after 4000ms: Expected to find content: 'Pay electric bill' but never did.",
                "estack": "AssertionError: Timed out retrying after 4000ms: Expected to find content: 'Pay electric bill' but never did.\n    at Context.eval (webpack:///./cypress/e2e/1-getting-started/todo.cy.js:78:7)",
                "diff": null
              },
              "uuid": "1e1b54bd-058a-4052-993c-db1c23221a45",
              "parentUUID": "56131fbe-b708-4b1a-8933-22b738e0b2ef",
              "isHook": false,
              "skipped": false
            }
          ],
          "suites": [
            {
              "uuid": "8dd4457a-805d-4960-8a55-f30ea21a545f",
              "title": "with a checked task",
              "fullFile": "",
              "file": "",
              "beforeHooks": [],
              "afterHooks": [],
              "tests": [
                {
                  "title": "can filter for uncompleted tasks",
                  "fullTitle": "example to-do app with a checked task can filter for uncompleted tasks",
                  "timedOut": null,
                  "duration": 4150,
                  "state": "failed",
                  "speed": null,
                  "pass": false,
                  "fail": true,
                  "pending": false,
                  "context": null,
                  "code": "// We'll click on the \"active\" button in order to\n// display only incomplete items\ncy.contains(\"Active\").click();\n// After filtering, we can assert that there is only the one\n// incomplete item in the list.\ncy.get(\".todo-app__list div\").should(\"have.length\", 1).first().should(\"have.text\", \"Walk the dog\");\n// For good measure, let's also assert that the task we checked off\n// does not exist on the page.\ncy.contains(\"Pay electric bill\").should(\"not.exist\");",
                  "err": {
                    "message": "AssertionError: Timed out retrying after 4000ms: Expected to find content: 'Pay electric bill' but never did.\n\nBecause this error occurred during a `before each` hook we are skipping the remaining tests in the current suite: `with a checked task`",
                    "estack": "AssertionError: Timed out retrying after 4000ms: Expected to find content: 'Pay electric bill' but never did.\n\nBecause this error occurred during a `before each` hook we are skipping the remaining tests in the current suite: `with a checked task`\n    at Context.eval (webpack:///./cypress/e2e/1-getting-started/todo.cy.js:99:9)",
                    "diff": null
                  },
                  "uuid": "9e0bfcfa-6d63-4264-b159-8c9a566618e5",
                  "parentUUID": "8dd4457a-805d-4960-8a55-f30ea21a545f",
                  "isHook": false,
                  "skipped": false
                },
                {
                  "title": "can filter for completed tasks",
                  "fullTitle": "example to-do app with a checked task can filter for completed tasks",
                  "timedOut": null,
                  "duration": 0,
                  "state": "skipped",
                  "speed": null,
                  "pass": false,
                  "fail": false,
                  "pending": false,
                  "context": null,
                  "code": "// We can perform similar steps as the test above to ensure\n// that only completed tasks are shown\ncy.contains(\"Completed\").click();\ncy.get(\".todo-app__list div\").should(\"have.length\", 1).first().should(\"have.text\", \"Pay electric bill\");\ncy.contains(\"Walk the dog\").should(\"not.exist\");",
                  "err": {},
                  "uuid": "103dc965-b901-4c67-9ac6-f1e57ba43400",
                  "parentUUID": "8dd4457a-805d-4960-8a55-f30ea21a545f",
                  "isHook": false,
                  "skipped": true
                },
                {
                  "title": "can delete all completed tasks",
                  "fullTitle": "example to-do app with a checked task can delete all completed tasks",
                  "timedOut": null,
                  "duration": 0,
                  "state": "skipped",
                  "speed": null,
                  "pass": false,
                  "fail": false,
                  "pending": false,
                  "context": null,
                  "code": "// First, let's click the \"Clear completed\" button\n// `contains` is actually serving two purposes here.\n// First, it's ensuring that the button exists within the dom.\n// This button only appears when at least one task is checked\n// so this command is implicitly verifying that it does exist.\n// Second, it selects the button so we can click it.\ncy.contains(\"Clear completed\").click();\n// Then we can make sure that there is only one element\n// in the list and our element does not exist\ncy.get(\".todo-app__list div\").should(\"have.length\", 1).should(\"not.have.text\", \"Pay electric bill\");\n// Finally, make sure that the clear button no longer exists.\ncy.contains(\"Clear completed\").should(\"not.exist\");",
                  "err": {},
                  "uuid": "83f45dea-87f9-43cb-9b6e-1a77059948b7",
                  "parentUUID": "8dd4457a-805d-4960-8a55-f30ea21a545f",
                  "isHook": false,
                  "skipped": true
                }
              ],
              "suites": [],
              "passes": [],
              "failures": [
                "9e0bfcfa-6d63-4264-b159-8c9a566618e5"
              ],
              "pending": [],
              "skipped": [
                "103dc965-b901-4c67-9ac6-f1e57ba43400",
                "83f45dea-87f9-43cb-9b6e-1a77059948b7"
              ],
              "duration": 4150,
              "root": false,
              "rootEmpty": false,
              "_timeout": 2000
            }
          ],
          "passes": [],
          "failures": [
            "09039062-8c06-4276-bd7e-98735321c000",
            "e5991edf-8c5c-48b0-b669-26376d7f09a0",
            "1e1b54bd-058a-4052-993c-db1c23221a45"
          ],
          "pending": [],
          "skipped": [],
          "duration": 24513,
          "root": false,
          "rootEmpty": false,
          "_timeout": 2000
        }
      ],
      "passes": [],
      "failures": [],
      "pending": [],
      "skipped": [],
      "duration": 0,
      "root": true,
      "rootEmpty": true,
      "_timeout": 2000
    }
  ],
  "meta": {
    "mocha": {
      "version": "7.0.1"
    },
    "mochawesome": {
      "options": {
        "quiet": false,
        "reportFilename": "mochawesome",
        "saveHtml": false,
        "saveJson": true,
        "consoleReporter": "spec",
        "useInlineDiffs": false,
        "code": true
      },
      "version": "7.1.3"
    },
    "marge": {
      "options": {
        "reportDir": "cypress/results",
        "overwrite": false,
        "html": false,
        "json": true
      },
      "version": "6.2.0"
    }
  }
}